Mplus VERSION 8.8
MUTHEN & MUTHEN
05/17/2024   9:27 AM

INPUT INSTRUCTIONS

  TITLE:
  Daytime, pre-bedtime, and post-bedtime smarphone use on sleep quality;
  Twolevel fixed effects model to check for stationarity;

  DATA:
  FILE = 'phone.dat';

  VARIABLE:
  NAMES = id day daytime prebed postbed sleep;
  USEVARIABLES =  day sleep;
  CLUSTER = id; !The Between-Level ID variable;

  ANALYSIS:
  TYPE = twolevel; !Two-Level Model with paths that are latent variables
  ESTIMATOR = BAYES; !Lagged variables can only be estimated with Bayes in Mplus
  BITERATIONS = (5000); !Run at least 5,000 iterations of the MCMC algorithm
  PROCESSORS = 4; !Use 4 processors to increase the computational speed
  THIN = 2; !Set the thinning factor to 2 to increase stable estimations

  MODEL:
  %within%
      sleep ON day;
      sleep;

  %between%
      [sleep]; !mean intercept sleep quality

      sleep; !intercept variance sleep quality

      [day];

  OUTPUT:
  standardized tech8;



INPUT READING TERMINATED NORMALLY




Daytime, pre-bedtime, and post-bedtime smarphone use on sleep quality;
Twolevel fixed effects model to check for stationarity;

SUMMARY OF ANALYSIS

Number of groups                                                 1
Number of observations                                        3255

Number of dependent variables                                    1
Number of independent variables                                  1
Number of continuous latent variables                            0

Observed dependent variables

  Continuous
   SLEEP

Observed independent variables
   DAY

Variables with special functions

  Cluster variable      ID

Estimator                                                    BAYES
Specifications for Bayesian Estimation
  Point estimate                                            MEDIAN
  Number of Markov chain Monte Carlo (MCMC) chains               2
  Random seed for the first chain                                0
  Starting value information                           UNPERTURBED
  Algorithm used for Markov chain Monte Carlo           GIBBS(PX1)
  Convergence criterion                                  0.500D-01
  Maximum number of iterations                               50000
  K-th iteration used for thinning                               2

Input data file(s)
  phone.dat
Input data format  FREE


SUMMARY OF DATA

     Number of clusters                        155

       Size (s)    Cluster ID with Size s

         21        1 2 3 10 12 13 20 21 23 24 26 30 31 33 36 37 40 41 46
                   47 51 53 55 56 57 61 62 63 65 66 68 70 71 72 79 86 88
                   90 94 95 97 98 99 100 102 104 105 106 108 110 111 113
                   114 116 118 120 121 122 128 129 130 140 141 144 145
                   150 151 161 163 164 167 169 171 175 178 181 184 188
                   191 196 202 204 210 213 214 219 222 223 225 226 227
                   231 234 235 237 241 245 247 249 253 256 257 258 259
                   261 265 270 271 275 279 281 283 285 287 288 290 292
                   293 294 300 304 306 307 308 312 315 317 319 320 322
                   327 330 332 333 334 337 341 342 347 351 352 360 362
                   363 364 365 367 374 375 378 379 381 382 383 384




UNIVARIATE SAMPLE STATISTICS


     UNIVARIATE HIGHER-ORDER MOMENT DESCRIPTIVE STATISTICS

         Variable/         Mean/     Skewness/   Minimum/ % with                Percentiles
        Sample Size      Variance    Kurtosis    Maximum  Min/Max      20%/60%    40%/80%    Median

     DAY                  11.000       0.000       1.000    4.76%       5.000      9.000     11.000
            3255.000      36.667      -1.205      21.000    4.76%      13.000     17.000
     SLEEP              -441.648      -0.221    -999.000   44.52%    -999.000   -999.000      4.000
            3255.000  249236.722      -1.951       7.000   16.16%       5.000      6.000


THE MODEL ESTIMATION TERMINATED NORMALLY

     USE THE FBITERATIONS OPTION TO INCREASE THE NUMBER OF ITERATIONS BY A FACTOR
     OF AT LEAST TWO TO CHECK CONVERGENCE AND THAT THE PSR VALUE DOES NOT INCREASE.



MODEL FIT INFORMATION

Number of Free Parameters                               7

Bayesian Posterior Predictive Checking using Chi-Square

          95% Confidence Interval for the Difference Between
          the Observed and the Replicated Chi-Square Values

                                -12.126            14.158

          Posterior Predictive P-Value              0.500

Information Criteria

          Deviance (DIC)                        69789.662
          Estimated Number of Parameters (pD)     142.717



MODEL RESULTS

                                Posterior  One-Tailed         95% C.I.
                    Estimate       S.D.      P-Value   Lower 2.5%  Upper 2.5%  Significance

Within Level

 SLEEP      ON
    DAY              -10.915       1.226      0.000     -13.358      -8.583      *

 Variances
    DAY               36.744       0.905      0.000      35.024      38.569      *

 Residual Variances
    SLEEP          *********    4656.574      0.000  174150.875  192661.234      *

Between Level

 Means
    DAY               11.014       0.115      0.000      10.767      11.202      *
    SLEEP           -441.413      21.709      0.000    -484.180    -398.456      *

 Variances
    DAY                0.020       0.026      0.000       0.002       0.098      *
    SLEEP          63555.070    8472.817      0.000   50007.789   83008.945      *


STANDARDIZED MODEL RESULTS


STDYX Standardization

                                Posterior  One-Tailed         95% C.I.
                    Estimate       S.D.      P-Value   Lower 2.5%  Upper 2.5%  Significance
Within Level

 SLEEP      ON
    DAY               -0.153       0.017      0.000      -0.186      -0.121      *

 Variances
    DAY                1.000       0.000      0.000       1.000       1.000

 Residual Variances
    SLEEP              0.977       0.005      0.000       0.965       0.985      *

Between Level

 Means
    DAY               77.634      59.691      0.000      35.036     270.618      *
    SLEEP             -1.754       0.143      0.000      -2.039      -1.471      *

 Variances
    DAY                1.000       0.000      0.000       1.000       1.000
    SLEEP              1.000       0.000      0.000       1.000       1.000


STDY Standardization

                                Posterior  One-Tailed         95% C.I.
                    Estimate       S.D.      P-Value   Lower 2.5%  Upper 2.5%  Significance
Within Level

 SLEEP      ON
    DAY               -0.153       0.017      0.000      -0.186      -0.121      *

 Variances
    DAY                1.000       0.000      0.000       1.000       1.000

 Residual Variances
    SLEEP              0.977       0.005      0.000       0.965       0.985      *

Between Level

 Means
    DAY               77.634      59.691      0.000      35.036     270.618      *
    SLEEP             -1.754       0.143      0.000      -2.039      -1.471      *

 Variances
    DAY                1.000       0.000      0.000       1.000       1.000
    SLEEP              1.000       0.000      0.000       1.000       1.000


STD Standardization

                                Posterior  One-Tailed         95% C.I.
                    Estimate       S.D.      P-Value   Lower 2.5%  Upper 2.5%  Significance
Within Level

 SLEEP      ON
    DAY              -10.915       1.226      0.000     -13.358      -8.583      *

 Variances
    DAY               36.744       0.905      0.000      35.024      38.569      *

 Residual Variances
    SLEEP          *********    4656.574      0.000  174150.875  192661.234      *

Between Level

 Means
    DAY               11.014       0.115      0.000      10.767      11.202      *
    SLEEP           -441.413      21.709      0.000    -484.180    -398.456      *

 Variances
    DAY                0.020       0.026      0.000       0.002       0.098      *
    SLEEP          63555.070    8472.817      0.000   50007.789   83008.945      *


R-SQUARE

Within Level

                                Posterior  One-Tailed         95% C.I.
    Variable        Estimate       S.D.      P-Value   Lower 2.5%  Upper 2.5%

    SLEEP              0.023       0.005      0.000       0.015       0.035


TECHNICAL 1 OUTPUT


     PARAMETER SPECIFICATION FOR WITHIN


           NU
              DAY           SLEEP
              ________      ________
                    0             0


           LAMBDA
              DAY           SLEEP
              ________      ________
 DAY                0             0
 SLEEP              0             0


           THETA
              DAY           SLEEP
              ________      ________
 DAY                0
 SLEEP              0             0


           ALPHA
              DAY           SLEEP
              ________      ________
                    0             0


           BETA
              DAY           SLEEP
              ________      ________
 DAY                0             0
 SLEEP              1             0


           PSI
              DAY           SLEEP
              ________      ________
 DAY                2
 SLEEP              0             3


     PARAMETER SPECIFICATION FOR BETWEEN


           NU
              DAY           SLEEP
              ________      ________
                    0             0


           LAMBDA
              DAY           SLEEP
              ________      ________
 DAY                0             0
 SLEEP              0             0


           THETA
              DAY           SLEEP
              ________      ________
 DAY                0
 SLEEP              0             0


           ALPHA
              DAY           SLEEP
              ________      ________
                    4             5


           BETA
              DAY           SLEEP
              ________      ________
 DAY                0             0
 SLEEP              0             0


           PSI
              DAY           SLEEP
              ________      ________
 DAY                6
 SLEEP              0             7


     STARTING VALUES FOR WITHIN


           NU
              DAY           SLEEP
              ________      ________
                0.000         0.000


           LAMBDA
              DAY           SLEEP
              ________      ________
 DAY            1.000         0.000
 SLEEP          0.000         1.000


           THETA
              DAY           SLEEP
              ________      ________
 DAY            0.000
 SLEEP          0.000         0.000


           ALPHA
              DAY           SLEEP
              ________      ________
                0.000         0.000


           BETA
              DAY           SLEEP
              ________      ________
 DAY            0.000         0.000
 SLEEP          0.000         0.000


           PSI
              DAY           SLEEP
              ________      ________
 DAY           18.333
 SLEEP          0.000    124618.359


     STARTING VALUES FOR BETWEEN


           NU
              DAY           SLEEP
              ________      ________
                0.000         0.000


           LAMBDA
              DAY           SLEEP
              ________      ________
 DAY            1.000         0.000
 SLEEP          0.000         1.000


           THETA
              DAY           SLEEP
              ________      ________
 DAY            0.000
 SLEEP          0.000         0.000


           ALPHA
              DAY           SLEEP
              ________      ________
                0.000      -441.648


           BETA
              DAY           SLEEP
              ________      ________
 DAY            0.000         0.000
 SLEEP          0.000         0.000


           PSI
              DAY           SLEEP
              ________      ________
 DAY           18.333
 SLEEP          0.000    124618.359



     PRIORS FOR ALL PARAMETERS            PRIOR MEAN      PRIOR VARIANCE     PRIOR STD. DEV.

     Parameter 1~N(0.000,infinity)           0.0000            infinity            infinity
     Parameter 2~IG(-1.000,0.000)          infinity            infinity            infinity
     Parameter 3~IG(-1.000,0.000)          infinity            infinity            infinity
     Parameter 4~N(0.000,infinity)           0.0000            infinity            infinity
     Parameter 5~N(0.000,infinity)           0.0000            infinity            infinity
     Parameter 6~IG(-1.000,0.000)          infinity            infinity            infinity
     Parameter 7~IG(-1.000,0.000)          infinity            infinity            infinity


TECHNICAL 8 OUTPUT


   TECHNICAL 8 OUTPUT FOR BAYES ESTIMATION

     PROCESSOR    BSEED
     1            0
     2            285380
     3            253358
     4            93468

                     POTENTIAL       PARAMETER WITH
     ITERATION    SCALE REDUCTION      HIGHEST PSR
     100              4.960               4
     200              1.983               6
     300              1.041               6
     400              1.017               4
     500              1.076               6
     600              1.368               4
     700              1.682               4
     800              1.407               4
     900              1.561               4
     1000             1.567               4
     1100             1.182               4
     1200             1.033               4
     1300             1.021               6
     1400             1.002               2
     1500             1.003               2
     1600             1.011               6
     1700             1.010               6
     1800             1.011               4
     1900             1.003               4
     2000             1.009               4
     2100             1.008               6
     2200             1.011               4
     2300             1.013               4
     2400             1.004               4
     2500             1.012               4
     2600             1.025               4
     2700             1.035               4
     2800             1.064               4
     2900             1.075               4
     3000             1.073               4
     3100             1.091               4
     3200             1.076               4
     3300             1.071               4
     3400             1.069               4
     3500             1.063               4
     3600             1.066               4
     3700             1.089               4
     3800             1.138               4
     3900             1.106               4
     4000             1.095               4
     4100             1.071               4
     4200             1.076               4
     4300             1.058               4
     4400             1.043               4
     4500             1.060               4
     4600             1.068               4
     4700             1.092               4
     4800             1.092               4
     4900             1.087               4
     5000             1.047               4


     Beginning Time:  09:27:51
        Ending Time:  09:27:53
       Elapsed Time:  00:00:02



MUTHEN & MUTHEN
3463 Stoner Ave.
Los Angeles, CA  90066

Tel: (310) 391-9971
Fax: (310) 391-8971
Web: www.StatModel.com
Support: Support@StatModel.com

Copyright (c) 1998-2022 Muthen & Muthen
